<?xml version="1.0" encoding="UTF-8"?>
<testsuite name="pack.Sprweb05ApplicationTests" tests="1" skipped="0" failures="0" errors="0" timestamp="2023-09-11T02:42:12" hostname="DESKTOP-5R10RIQ" time="0.396">
  <properties/>
  <testcase name="contextLoads()" classname="pack.Sprweb05ApplicationTests" time="0.396"/>
  <system-out><![CDATA[11:42:09.862 [Test worker] DEBUG org.springframework.boot.test.context.SpringBootTestContextBootstrapper -- Neither @ContextConfiguration nor @ContextHierarchy found for test class [Sprweb05ApplicationTests]: using SpringBootContextLoader
11:42:09.866 [Test worker] DEBUG org.springframework.test.context.support.AbstractContextLoader -- Could not detect default resource locations for test class [pack.Sprweb05ApplicationTests]: no resource found for suffixes {-context.xml, Context.groovy}.
11:42:09.867 [Test worker] INFO org.springframework.test.context.support.AnnotationConfigContextLoaderUtils -- Could not detect default configuration classes for test class [pack.Sprweb05ApplicationTests]: Sprweb05ApplicationTests does not declare any static, non-private, non-final, nested classes annotated with @Configuration.
11:42:09.889 [Test worker] DEBUG org.springframework.boot.test.context.SpringBootTestContextBootstrapper -- Using ContextCustomizers for test class [Sprweb05ApplicationTests]: [DisableObservabilityContextCustomizer, PropertyMappingContextCustomizer, WebDriverContextCustomizer, ExcludeFilterContextCustomizer, DuplicateJsonObjectContextCustomizer, MockitoContextCustomizer, TestRestTemplateContextCustomizer]
11:42:09.959 [Test worker] DEBUG org.springframework.context.annotation.ClassPathScanningCandidateComponentProvider -- Identified candidate component class: file [C:\work\sprsou\sprweb05\build\classes\java\main\pack\Sprweb05Application.class]
11:42:09.961 [Test worker] INFO org.springframework.boot.test.context.SpringBootTestContextBootstrapper -- Found @SpringBootConfiguration pack.Sprweb05Application for test class pack.Sprweb05ApplicationTests
11:42:10.086 [Test worker] DEBUG org.springframework.test.context.util.TestContextSpringFactoriesUtils -- Skipping candidate TestExecutionListener [org.springframework.test.context.observation.MicrometerObservationRegistryTestExecutionListener] due to a missing dependency. Specify custom TestExecutionListener classes or make the default TestExecutionListener classes and their required dependencies available. Offending class: io.micrometer.context.ThreadLocalAccessor. MicrometerObservationRegistryTestExecutionListener requires io.micrometer:micrometer-observation:1.10.8 or higher and io.micrometer:context-propagation:1.0.3 or higher.
11:42:10.088 [Test worker] DEBUG org.springframework.test.context.util.TestContextSpringFactoriesUtils -- Skipping candidate TestExecutionListener [org.springframework.test.context.transaction.TransactionalTestExecutionListener] due to a missing dependency. Specify custom TestExecutionListener classes or make the default TestExecutionListener classes and their required dependencies available. Offending class: org/springframework/transaction/interceptor/TransactionAttributeSource
11:42:10.091 [Test worker] DEBUG org.springframework.test.context.util.TestContextSpringFactoriesUtils -- Skipping candidate TestExecutionListener [org.springframework.test.context.jdbc.SqlScriptsTestExecutionListener] due to a missing dependency. Specify custom TestExecutionListener classes or make the default TestExecutionListener classes and their required dependencies available. Offending class: org/springframework/transaction/interceptor/TransactionAttribute
11:42:10.093 [Test worker] DEBUG org.springframework.boot.test.context.SpringBootTestContextBootstrapper -- Using TestExecutionListeners for test class [Sprweb05ApplicationTests]: [ServletTestExecutionListener, DirtiesContextBeforeModesTestExecutionListener, ApplicationEventsTestExecutionListener, MockitoTestExecutionListener, DependencyInjectionTestExecutionListener, DirtiesContextTestExecutionListener, EventPublishingTestExecutionListener, RestDocsTestExecutionListener, MockRestServiceServerResetTestExecutionListener, MockMvcPrintOnlyOnFailureTestExecutionListener, WebDriverTestExecutionListener, MockWebServiceServerTestExecutionListener, ResetMocksTestExecutionListener]
11:42:10.094 [Test worker] DEBUG org.springframework.test.context.support.DirtiesContextBeforeModesTestExecutionListener -- Before test class: class [Sprweb05ApplicationTests], class annotated with @DirtiesContext [false] with mode [null]

  .   ____          _            __ _ _
 /\\ / ___'_ __ _ _(_)_ __  __ _ \ \ \ \
( ( )\___ | '_ | '_| | '_ \/ _` | \ \ \ \
 \\/  ___)| |_)| | | | | || (_| |  ) ) ) )
  '  |____| .__|_| |_|_| |_\__, | / / / /
 =========|_|==============|___/=/_/_/_/
 :: Spring Boot ::               (v3.0.10)

2023-09-11T11:42:11.202+09:00  INFO 14144 --- [    Test worker] pack.Sprweb05ApplicationTests            : Starting Sprweb05ApplicationTests using Java 17.0.7 with PID 14144 (started by acorn in C:\work\sprsou\sprweb05)
2023-09-11T11:42:11.204+09:00  INFO 14144 --- [    Test worker] pack.Sprweb05ApplicationTests            : No active profile set, falling back to 1 default profile: "default"
2023-09-11T11:42:12.327+09:00  INFO 14144 --- [    Test worker] o.s.b.a.w.s.WelcomePageHandlerMapping    : Adding welcome page: class path resource [static/index.html]
2023-09-11T11:42:12.482+09:00  INFO 14144 --- [    Test worker] pack.Sprweb05ApplicationTests            : Started Sprweb05ApplicationTests in 2.329 seconds (process running for 3.671)
]]></system-out>
  <system-err><![CDATA[]]></system-err>
</testsuite>
